0 silly argv {
0 silly argv   _: [ 'create' ],
0 silly argv   lernaVersion: '3.19.0',
0 silly argv   '$0': '/usr/local/bin/lerna',
0 silly argv   name: 'orm'
0 silly argv }
1 notice cli v3.19.0
2 verbose rootPath /Users/ims/Desktop/meepo/nger-orm
3 error Error: canceled
3 error     at Interface.<anonymous> (/Users/ims/Desktop/meepo/nger-orm/node_modules/read/lib/read.js:66:13)
3 error     at Interface.emit (events.js:203:13)
3 error     at Interface._ttyWrite (readline.js:880:16)
3 error     at ReadStream.onkeypress (readline.js:191:10)
3 error     at ReadStream.emit (events.js:203:13)
3 error     at emitKeys (internal/readline/utils.js:414:14)
3 error     at emitKeys.next (<anonymous>)
3 error     at ReadStream.onData (readline.js:1146:36)
3 error     at ReadStream.emit (events.js:203:13)
3 error     at addChunk (_stream_readable.js:295:12)
3 error     at readableAddChunk (_stream_readable.js:276:11)
3 error     at ReadStream.Readable.push (_stream_readable.js:210:10)
